-------------------------------------------------------------------------------
Test set: RatingServiceTest
-------------------------------------------------------------------------------
Tests run: 1, Failures: 0, Errors: 1, Skipped: 0, Time elapsed: 0 sec <<< FAILURE! - in RatingServiceTest
testAddRating(RatingServiceTest)  Time elapsed: 0 sec  <<< ERROR!
java.lang.NullPointerException: null
	at RatingServiceTest.testAddRating(RatingServiceTest.java:20)

